2025-03-14 09:34:32,065 [INFO] Activator:176 - 


2025-03-14 09:34:32,081 [INFO] Activator:177 - !SESSION log4j initialized
2025-03-14 09:34:44,155 [INFO] LogOutputStream:77 - [STDOUT_REDIRECT] 
2025-03-14 09:34:49,212 [INFO] ApplicationProperties:184 - Using Application install path: C:\ST\STM32CubeIDE_1.17.0\STM32CubeIDE\plugins\com.st.stm32cube.common.mx_6.13.0.202411220809
2025-03-14 09:34:49,234 [INFO] DbMcusXml:78 - Set database path to: C:\ST\STM32CubeIDE_1.17.0\STM32CubeIDE\plugins\com.st.stm32cube.common.mx_6.13.0.202411220809\\db\/mcu/
2025-03-14 09:34:49,234 [INFO] ApiDb:274 - Set plugin database path to: C:\ST\STM32CubeIDE_1.17.0\STM32CubeIDE\plugins\com.st.stm32cube.common.mx_6.13.0.202411220809\\db\/plugins/boardmanager/
2025-03-14 09:34:49,235 [WARN] ApiDb:259 - Overriding images path with different value:  => C:\ST\STM32CubeIDE_1.17.0\STM32CubeIDE\plugins\com.st.stm32cube.common.mx_6.13.0.202411220809\\db\/plugins/mcufinder/images/
2025-03-14 09:34:49,247 [INFO] ApiDb:250 - Set database path to: C:\Users\azams\.stmcufinder\plugins\mcufinder//mcu/
2025-03-14 09:34:49,248 [INFO] DbMcusAds:125 - Set database path to: C:\Users\azams\.stmcufinder\plugins\mcufinder//mcu/
2025-03-14 09:34:49,251 [INFO] CrossReferenceDbSqlite:203 - Set database path to: C:\Users\azams\.stmcufinder\plugins\mcufinder//mcu/cs/
2025-03-14 09:34:49,370 [INFO] RulesReader:64 - Compatibility file has been processed (297 Rules)
2025-03-14 09:34:49,448 [INFO] DbMcusXml:78 - Set database path to: C:\ST\STM32CubeIDE_1.17.0\STM32CubeIDE\plugins\com.st.stm32cube.common.mx_6.13.0.202411220809\\db\/mcu/
2025-03-14 09:34:49,448 [INFO] ApiDb:274 - Set plugin database path to: C:\ST\STM32CubeIDE_1.17.0\STM32CubeIDE\plugins\com.st.stm32cube.common.mx_6.13.0.202411220809\\db\/plugins/boardmanager/
2025-03-14 09:34:49,449 [INFO] ApiDb:261 - Set plugin images path to: C:\ST\STM32CubeIDE_1.17.0\STM32CubeIDE\plugins\com.st.stm32cube.common.mx_6.13.0.202411220809\\db\/plugins/mcufinder/images/
2025-03-14 09:34:49,449 [WARN] DbFile:41 - Overriding database path with different value: C:\Users\azams\.stmcufinder\plugins\mcufinder/ => C:\Users\azams\.stmcufinder\plugins\mcufinder
2025-03-14 09:34:49,449 [INFO] ApiDb:250 - Set database path to: C:\Users\azams\.stmcufinder\plugins\mcufinder//mcu/
2025-03-14 09:34:49,449 [WARN] DbFile:41 - Overriding database path with different value: C:\Users\azams\.stmcufinder\plugins\mcufinder/ => C:\Users\azams\.stmcufinder\plugins\mcufinder
2025-03-14 09:34:49,449 [INFO] DbMcusAds:125 - Set database path to: C:\Users\azams\.stmcufinder\plugins\mcufinder//mcu/
2025-03-14 09:34:49,449 [WARN] DbFile:41 - Overriding database path with different value: C:\Users\azams\.stmcufinder\plugins\mcufinder/ => C:\Users\azams\.stmcufinder\plugins\mcufinder
2025-03-14 09:34:49,449 [WARN] DbFile:41 - Overriding database path with different value: C:\Users\azams\.stmcufinder\plugins\mcufinder/ => C:\Users\azams\.stmcufinder\plugins\mcufinder
2025-03-14 09:34:49,449 [INFO] CrossReferenceDbSqlite:203 - Set database path to: C:\Users\azams\.stmcufinder\plugins\mcufinder//mcu/cs/
2025-03-14 09:34:49,517 [INFO] MainPanel:272 - HeapMemory: 268435456
2025-03-14 09:34:49,629 [INFO] DbMcusXml:78 - Set database path to: C:\ST\STM32CubeIDE_1.17.0\STM32CubeIDE\plugins\com.st.stm32cube.common.mx_6.13.0.202411220809\\db\/mcu/
2025-03-14 09:34:49,630 [INFO] ApiDb:274 - Set plugin database path to: C:\ST\STM32CubeIDE_1.17.0\STM32CubeIDE\plugins\com.st.stm32cube.common.mx_6.13.0.202411220809\\db\/plugins/boardmanager/
2025-03-14 09:34:49,632 [INFO] ApiDb:261 - Set plugin images path to: C:\ST\STM32CubeIDE_1.17.0\STM32CubeIDE\plugins\com.st.stm32cube.common.mx_6.13.0.202411220809\\db\/plugins/mcufinder/images/
2025-03-14 09:34:49,632 [WARN] DbFile:41 - Overriding database path with different value: C:\Users\azams\.stmcufinder\plugins\mcufinder/ => C:\Users\azams\.stmcufinder\plugins\mcufinder
2025-03-14 09:34:49,632 [INFO] ApiDb:250 - Set database path to: C:\Users\azams\.stmcufinder\plugins\mcufinder//mcu/
2025-03-14 09:34:49,632 [WARN] DbFile:41 - Overriding database path with different value: C:\Users\azams\.stmcufinder\plugins\mcufinder/ => C:\Users\azams\.stmcufinder\plugins\mcufinder
2025-03-14 09:34:49,633 [INFO] DbMcusAds:125 - Set database path to: C:\Users\azams\.stmcufinder\plugins\mcufinder//mcu/
2025-03-14 09:34:49,633 [WARN] DbFile:41 - Overriding database path with different value: C:\Users\azams\.stmcufinder\plugins\mcufinder/ => C:\Users\azams\.stmcufinder\plugins\mcufinder
2025-03-14 09:34:49,633 [WARN] DbFile:41 - Overriding database path with different value: C:\Users\azams\.stmcufinder\plugins\mcufinder/ => C:\Users\azams\.stmcufinder\plugins\mcufinder
2025-03-14 09:34:49,633 [INFO] CrossReferenceDbSqlite:203 - Set database path to: C:\Users\azams\.stmcufinder\plugins\mcufinder//mcu/cs/
2025-03-14 09:34:49,650 [INFO] ApplicationProperties:184 - Using Application install path: C:\ST\STM32CubeIDE_1.17.0\STM32CubeIDE\plugins\com.st.stm32cube.common.mx_6.13.0.202411220809
2025-03-14 09:34:49,651 [INFO] PluginManage:196 - Search for loadable plugins [exclusion list=, ]
2025-03-14 09:34:49,654 [INFO] PluginManage:310 - Check plugin analytics
2025-03-14 09:34:50,064 [INFO] AnalyticsPlugin:253 - Accepted Software Licenses: 
2025-03-14 09:34:50,064 [INFO] AnalyticsPlugin:255 - Accepted CMSIS Pack Licenses: 
2025-03-14 09:34:50,065 [INFO] AnalyticsPlugin:257 - Accepted Firmware Licenses: 
2025-03-14 09:34:50,067 [INFO] PluginManage:359 - Loaded plugin analytics (category:tool,tabindex:-1)
2025-03-14 09:34:50,068 [INFO] PluginManage:310 - Check plugin cadmodel
2025-03-14 09:34:50,099 [INFO] CADModel:105 - Init CAD model plugin
2025-03-14 09:34:50,100 [INFO] PluginManage:359 - Loaded plugin cadmodel (category:power,tabindex:5)
2025-03-14 09:34:50,100 [INFO] PluginManage:310 - Check plugin clock
2025-03-14 09:34:50,122 [INFO] PluginManage:359 - Loaded plugin clock (category:base,tabindex:2)
2025-03-14 09:34:50,122 [INFO] PluginManage:310 - Check plugin ddr
2025-03-14 09:34:50,125 [INFO] PluginManage:359 - Loaded plugin ddr (category:tool,tabindex:6)
2025-03-14 09:34:50,125 [INFO] PluginManage:310 - Check plugin filemanager
2025-03-14 09:34:50,261 [INFO] PluginManage:359 - Loaded plugin filemanager (category:base,tabindex:10)
2025-03-14 09:34:50,261 [INFO] PluginManage:310 - Check plugin ipmanager
2025-03-14 09:34:50,268 [INFO] PluginManage:359 - Loaded plugin ipmanager (category:base,tabindex:5)
2025-03-14 09:34:50,268 [INFO] PluginManage:310 - Check plugin lpbam
2025-03-14 09:34:50,287 [INFO] PluginManage:359 - Loaded plugin lpbam (category:base,tabindex:0)
2025-03-14 09:34:50,287 [INFO] PluginManage:310 - Check plugin memorymap
2025-03-14 09:34:50,353 [INFO] PluginManage:359 - Loaded plugin memorymap (category:base,tabindex:4)
2025-03-14 09:34:50,353 [INFO] PluginManage:310 - Check plugin pinoutandconfiguration
2025-03-14 09:34:50,375 [INFO] PluginManage:359 - Loaded plugin pinoutandconfiguration (category:base,tabindex:1)
2025-03-14 09:34:50,375 [INFO] PluginManage:310 - Check plugin pinoutconfig
2025-03-14 09:34:50,529 [WARN] SupportedApi:132 - Cannot load RTOS API schema: s4s-elt-must-match.1: The content of 'definitions' must match (annotation?, (simpleType | complexType)?, (unique | key | keyref)*)). A problem was found starting at: attribute.
2025-03-14 09:34:50,753 [INFO] PluginManage:359 - Loaded plugin pinoutconfig (category:base,tabindex:0)
2025-03-14 09:34:50,754 [INFO] PluginManage:310 - Check plugin power
2025-03-14 09:34:50,781 [INFO] PluginManage:359 - Loaded plugin power (category:power,tabindex:4)
2025-03-14 09:34:50,782 [INFO] PluginManage:310 - Check plugin projectmanager
2025-03-14 09:34:50,801 [INFO] PluginManage:359 - Loaded plugin projectmanager (category:projectmanager,tabindex:4)
2025-03-14 09:34:50,801 [INFO] PluginManage:310 - Check plugin rif
2025-03-14 09:34:50,821 [INFO] PluginManage:359 - Loaded plugin rif (category:base,tabindex:3)
2025-03-14 09:34:50,822 [INFO] PluginManage:310 - Check plugin thirdparty
2025-03-14 09:34:51,205 [INFO] PluginManage:359 - Loaded plugin thirdparty (category:base,tabindex:-1)
2025-03-14 09:34:51,205 [INFO] PluginManage:310 - Check plugin tools
2025-03-14 09:34:51,205 [WARN] IntegrityCheckThread:84 - waiting for thirdparty lock release [integrity check]
2025-03-14 09:34:51,206 [INFO] IntegrityCheckThread:86 - entering critical section [integrity check]
2025-03-14 09:34:51,206 [INFO] ThirdPartyUpdaterWithRetryManager:70 - Updater plugin not ready yet. [1/15]
2025-03-14 09:34:51,439 [INFO] PluginManage:359 - Loaded plugin tools (category:base,tabindex:7)
2025-03-14 09:34:51,439 [INFO] PluginManage:310 - Check plugin tutovideos
2025-03-14 09:34:51,702 [INFO] PluginManage:359 - Loaded plugin tutovideos (category:base,tabindex:-1)
2025-03-14 09:34:51,702 [INFO] PluginManage:310 - Check plugin updater
2025-03-14 09:34:51,722 [INFO] PluginManage:359 - Loaded plugin updater (category:base,tabindex:12)
2025-03-14 09:34:51,722 [INFO] PluginManage:310 - Check plugin userauth
2025-03-14 09:34:51,726 [INFO] UserAuth:118 - Init User Auth plugin
2025-03-14 09:34:51,727 [INFO] PluginManage:359 - Loaded plugin userauth (category:base,tabindex:14)
2025-03-14 09:34:51,727 [INFO] PluginManage:283 - PluginManage : Loaded plugins [18]
2025-03-14 09:34:51,925 [INFO] PinOutPanel:1589 - setPackage(No Configuration,No Configuration)
2025-03-14 09:34:52,042 [INFO] CADModel:165 - CPN selected for project level
2025-03-14 09:34:52,042 [INFO] CADModel:114 - Register for checkConnection events
2025-03-14 09:34:52,070 [INFO] IPUIPlugin:80 - create IPUIPlugin
2025-03-14 09:34:52,071 [INFO] PluginManager:220 - loadIPPluginJar : add adc
2025-03-14 09:34:52,152 [INFO] IPUIPlugin:80 - create IPUIPlugin
2025-03-14 09:34:52,152 [INFO] PluginManager:220 - loadIPPluginJar : add aes
2025-03-14 09:34:52,270 [INFO] IPUIPlugin:80 - create IPUIPlugin
2025-03-14 09:34:52,271 [INFO] PluginManager:220 - loadIPPluginJar : add can
2025-03-14 09:34:52,357 [INFO] IPUIPlugin:80 - create IPUIPlugin
2025-03-14 09:34:52,357 [INFO] PluginManager:220 - loadIPPluginJar : add comp
2025-03-14 09:34:52,394 [INFO] IPUIPlugin:80 - create IPUIPlugin
2025-03-14 09:34:52,394 [INFO] PluginManager:220 - loadIPPluginJar : add cryp
2025-03-14 09:34:52,410 [INFO] IPUIPlugin:80 - create IPUIPlugin
2025-03-14 09:34:52,410 [INFO] PluginManager:220 - loadIPPluginJar : add ddr_ctrl_phy
2025-03-14 09:34:52,445 [INFO] IPUIPlugin:80 - create IPUIPlugin
2025-03-14 09:34:52,445 [INFO] PluginManager:220 - loadIPPluginJar : add dfsdm
2025-03-14 09:34:52,461 [INFO] IPUIPlugin:80 - create IPUIPlugin
2025-03-14 09:34:52,461 [INFO] PluginManager:220 - loadIPPluginJar : add dma
2025-03-14 09:34:52,505 [INFO] IPUIPlugin:80 - create IPUIPlugin
2025-03-14 09:34:52,505 [INFO] PluginManager:220 - loadIPPluginJar : add dma3
2025-03-14 09:34:52,612 [INFO] IPUIPlugin:80 - create IPUIPlugin
2025-03-14 09:34:52,612 [INFO] PluginManager:220 - loadIPPluginJar : add extmemmanager
2025-03-14 09:34:52,642 [INFO] IPUIPlugin:80 - create IPUIPlugin
2025-03-14 09:34:52,642 [INFO] PluginManager:220 - loadIPPluginJar : add fatfs
2025-03-14 09:34:52,696 [INFO] IPUIPlugin:80 - create IPUIPlugin
2025-03-14 09:34:52,696 [INFO] PluginManager:220 - loadIPPluginJar : add fmc
2025-03-14 09:34:52,725 [INFO] IPUIPlugin:80 - create IPUIPlugin
2025-03-14 09:34:52,726 [INFO] PluginManager:220 - loadIPPluginJar : add freertos
2025-03-14 09:34:52,750 [INFO] IPUIPlugin:80 - create IPUIPlugin
2025-03-14 09:34:52,750 [INFO] PluginManager:220 - loadIPPluginJar : add genericplugin
2025-03-14 09:34:52,851 [INFO] IPUIPlugin:80 - create IPUIPlugin
2025-03-14 09:34:52,852 [INFO] PluginManager:220 - loadIPPluginJar : add gfxmmu
2025-03-14 09:34:53,025 [INFO] IPUIPlugin:80 - create IPUIPlugin
2025-03-14 09:34:53,025 [INFO] PluginManager:220 - loadIPPluginJar : add gic
2025-03-14 09:34:53,039 [INFO] IPUIPlugin:80 - create IPUIPlugin
2025-03-14 09:34:53,039 [INFO] PluginManager:220 - loadIPPluginJar : add gpio
2025-03-14 09:34:53,150 [INFO] IPUIPlugin:80 - create IPUIPlugin
2025-03-14 09:34:53,150 [INFO] PluginManager:220 - loadIPPluginJar : add gtzc
2025-03-14 09:34:53,186 [INFO] IPUIPlugin:80 - create IPUIPlugin
2025-03-14 09:34:53,187 [INFO] PluginManager:220 - loadIPPluginJar : add hash
2025-03-14 09:34:53,248 [INFO] IPUIPlugin:80 - create IPUIPlugin
2025-03-14 09:34:53,248 [INFO] PluginManager:220 - loadIPPluginJar : add i2c
2025-03-14 09:34:53,396 [INFO] IPUIPlugin:80 - create IPUIPlugin
2025-03-14 09:34:53,397 [INFO] PluginManager:220 - loadIPPluginJar : add i2s
2025-03-14 09:34:53,453 [INFO] IPUIPlugin:80 - create IPUIPlugin
2025-03-14 09:34:53,453 [INFO] PluginManager:220 - loadIPPluginJar : add i3c
2025-03-14 09:34:53,581 [INFO] IPUIPlugin:80 - create IPUIPlugin
2025-03-14 09:34:53,581 [INFO] PluginManager:220 - loadIPPluginJar : add ipddr
2025-03-14 09:34:53,691 [INFO] IPUIPlugin:80 - create IPUIPlugin
2025-03-14 09:34:53,691 [INFO] PluginManager:220 - loadIPPluginJar : add linkedlist
2025-03-14 09:34:53,750 [INFO] IPUIPlugin:80 - create IPUIPlugin
2025-03-14 09:34:53,750 [INFO] PluginManager:220 - loadIPPluginJar : add lorawan
2025-03-14 09:34:53,791 [INFO] IPUIPlugin:80 - create IPUIPlugin
2025-03-14 09:34:53,791 [INFO] PluginManager:220 - loadIPPluginJar : add ltdc
2025-03-14 09:34:53,809 [INFO] IPUIPlugin:80 - create IPUIPlugin
2025-03-14 09:34:53,809 [INFO] PluginManager:220 - loadIPPluginJar : add mdma
2025-03-14 09:34:53,824 [INFO] IPUIPlugin:80 - create IPUIPlugin
2025-03-14 09:34:53,824 [INFO] PluginManager:220 - loadIPPluginJar : add nvic
2025-03-14 09:34:53,869 [INFO] IPUIPlugin:80 - create IPUIPlugin
2025-03-14 09:34:53,869 [INFO] PluginManager:220 - loadIPPluginJar : add opamp
2025-03-14 09:34:53,984 [INFO] IPUIPlugin:80 - create IPUIPlugin
2025-03-14 09:34:53,984 [INFO] PluginManager:220 - loadIPPluginJar : add openamp
2025-03-14 09:34:54,050 [INFO] IPUIPlugin:80 - create IPUIPlugin
2025-03-14 09:34:54,050 [INFO] PluginManager:220 - loadIPPluginJar : add pdm2pcm
2025-03-14 09:34:54,067 [INFO] IPUIPlugin:80 - create IPUIPlugin
2025-03-14 09:34:54,069 [INFO] PluginManager:220 - loadIPPluginJar : add plateformsettings
2025-03-14 09:34:54,095 [INFO] IPUIPlugin:80 - create IPUIPlugin
2025-03-14 09:34:54,095 [INFO] PluginManager:220 - loadIPPluginJar : add quadspi
2025-03-14 09:34:54,127 [INFO] IPUIPlugin:80 - create IPUIPlugin
2025-03-14 09:34:54,128 [INFO] PluginManager:220 - loadIPPluginJar : add radio
2025-03-14 09:34:54,145 [INFO] IPUIPlugin:80 - create IPUIPlugin
2025-03-14 09:34:54,145 [INFO] PluginManager:220 - loadIPPluginJar : add resmgrutility
2025-03-14 09:34:54,206 [INFO] IPUIPlugin:80 - create IPUIPlugin
2025-03-14 09:34:54,207 [INFO] PluginManager:220 - loadIPPluginJar : add sai
2025-03-14 09:34:54,207 [INFO] ThirdPartyUpdaterWithRetryManager:70 - Updater plugin not ready yet. [2/15]
2025-03-14 09:34:54,247 [INFO] IPUIPlugin:80 - create IPUIPlugin
2025-03-14 09:34:54,247 [INFO] PluginManager:220 - loadIPPluginJar : add spi
2025-03-14 09:34:54,385 [INFO] IPUIPlugin:80 - create IPUIPlugin
2025-03-14 09:34:54,385 [INFO] PluginManager:220 - loadIPPluginJar : add stm32_wpan
2025-03-14 09:34:54,412 [INFO] IPUIPlugin:80 - create IPUIPlugin
2025-03-14 09:34:54,412 [INFO] PluginManager:220 - loadIPPluginJar : add tim
2025-03-14 09:34:54,478 [INFO] IPUIPlugin:80 - create IPUIPlugin
2025-03-14 09:34:54,478 [INFO] PluginManager:220 - loadIPPluginJar : add touchsensing
2025-03-14 09:34:54,506 [INFO] IPUIPlugin:80 - create IPUIPlugin
2025-03-14 09:34:54,506 [INFO] PluginManager:220 - loadIPPluginJar : add tracer_emb
2025-03-14 09:34:54,532 [INFO] IPUIPlugin:80 - create IPUIPlugin
2025-03-14 09:34:54,532 [INFO] PluginManager:220 - loadIPPluginJar : add ts
2025-03-14 09:34:54,559 [INFO] IPUIPlugin:80 - create IPUIPlugin
2025-03-14 09:34:54,559 [INFO] PluginManager:220 - loadIPPluginJar : add tsc
2025-03-14 09:34:54,583 [INFO] IPUIPlugin:80 - create IPUIPlugin
2025-03-14 09:34:54,583 [INFO] PluginManager:220 - loadIPPluginJar : add ucpd
2025-03-14 09:34:54,631 [INFO] IPUIPlugin:80 - create IPUIPlugin
2025-03-14 09:34:54,631 [INFO] PluginManager:220 - loadIPPluginJar : add usart
2025-03-14 09:34:54,693 [INFO] IPUIPlugin:80 - create IPUIPlugin
2025-03-14 09:34:54,693 [INFO] PluginManager:220 - loadIPPluginJar : add usbx
2025-03-14 09:34:54,827 [FATAL] Updater:351 - Updater called before beeing initialized
2025-03-14 09:34:54,848 [INFO] RulesReader:64 - Compatibility file has been processed (297 Rules)
2025-03-14 09:34:54,857 [INFO] RulesReader:64 - Compatibility file has been processed (297 Rules)
2025-03-14 09:34:54,862 [INFO] CADModel:165 - CPN selected for project level
2025-03-14 09:34:54,862 [INFO] CADModel:114 - Register for checkConnection events
2025-03-14 09:34:54,862 [FATAL] Updater:351 - Updater called before beeing initialized
2025-03-14 09:34:54,863 [ERROR] CADModel:125 - Updater not yet initialized, retry later 
2025-03-14 09:34:54,987 [FATAL] Updater:351 - Updater called before beeing initialized
2025-03-14 09:34:54,989 [INFO] CADModel:165 - CPN selected for project level
2025-03-14 09:34:54,989 [INFO] CADModel:114 - Register for checkConnection events
2025-03-14 09:34:54,989 [FATAL] Updater:351 - Updater called before beeing initialized
2025-03-14 09:34:54,989 [ERROR] CADModel:125 - Updater not yet initialized, retry later 
2025-03-14 09:34:54,992 [FATAL] Updater:351 - Updater called before beeing initialized
2025-03-14 09:34:55,151 [FATAL] Updater:351 - Updater called before beeing initialized
2025-03-14 09:34:55,167 [INFO] DbMcusAds:53 - JSON generation date=Thu Mar 06 20:24:21 IST 2025 (1741272861825)
2025-03-14 09:34:55,167 [FATAL] Updater:351 - Updater called before beeing initialized
2025-03-14 09:34:55,204 [WARN] DetailPanel:346 - Failed to get advertising image, set to default
2025-03-14 09:34:55,421 [FATAL] Updater:351 - Updater called before beeing initialized
2025-03-14 09:34:55,423 [FATAL] Updater:351 - Updater called before beeing initialized
2025-03-14 09:34:55,423 [FATAL] Updater:351 - Updater called before beeing initialized
2025-03-14 09:34:55,423 [WARN] DetailPanel:346 - Failed to get advertising image, set to default
2025-03-14 09:34:55,424 [FATAL] Updater:351 - Updater called before beeing initialized
2025-03-14 09:34:55,484 [ERROR] Updater:1198 - MainUpdater not yet initialized. External WinMGr cannot be set.
2025-03-14 09:34:55,498 [INFO] Updater:1134 - Updater Version found : 6.13.0
2025-03-14 09:34:55,516 [INFO] ApplicationProperties:184 - Using Application install path: C:\ST\STM32CubeIDE_1.17.0\STM32CubeIDE\plugins\com.st.stm32cube.common.mx_6.13.0.202411220809
2025-03-14 09:34:57,115 [ERROR] LogOutputStream:75 - [STDERR_REDIRECT] Mar 14, 2025 9:34:57 AM java.util.prefs.WindowsPreferences <init>
2025-03-14 09:34:57,121 [ERROR] LogOutputStream:75 - [STDERR_REDIRECT] WARNING: Could not open/create prefs root node Software\JavaSoft\Prefs at root 0xffffffff80000002. Windows RegCreateKeyEx(...) returned error code 5.
2025-03-14 09:34:57,121 [ERROR] LogOutputStream:75 - [STDERR_REDIRECT] 
2025-03-14 09:34:57,207 [INFO] ThirdPartyUpdaterWithRetryManager:70 - Updater plugin not ready yet. [3/15]
2025-03-14 09:34:58,009 [INFO] MainUpdater:2872 - connection check result : 10
2025-03-14 09:34:58,010 [INFO] MainUpdater:289 - Updater Check For Update Now.
2025-03-14 09:34:58,010 [INFO] MicroXplorer:498 - Change Database Version : DB.6.0.130
2025-03-14 09:34:58,029 [INFO] McuFinderGlobals:63 - Set McuFinder mode to 2 (CubeIDE integrated)
2025-03-14 09:34:58,029 [INFO] UserAuth:171 - activating auth plugin
2025-03-14 09:34:58,032 [INFO] UserAuth:486 - Internet connection configuration mode: 1
2025-03-14 09:34:58,202 [INFO] JxBrowserEngine:152 - Initiate JxBrowser Engine with user profile folder
2025-03-14 09:34:58,424 [INFO] CheckServerUpdateThread:120 - End of CheckServer Thread
2025-03-14 09:35:00,469 [WARN] PackLoader:240 - Cannot read IP mode file for STMicroelectronics.FP-SNS-MOTENVWB1.1.4.0
2025-03-14 09:35:00,484 [WARN] PackLoader:240 - Cannot read IP mode file for STMicroelectronics.FP-ATR-ASTRA1.2.0.2
2025-03-14 09:35:00,496 [WARN] PackLoader:240 - Cannot read IP mode file for STMicroelectronics.FP-ATR-ASTRA1.2.0.1
2025-03-14 09:35:00,510 [WARN] PackLoader:240 - Cannot read IP mode file for STMicroelectronics.X-CUBE-SMBUS.2.1.0
2025-03-14 09:35:00,571 [WARN] PackLoader:240 - Cannot read IP mode file for STMicroelectronics.X-CUBE-WB05N.1.1.0
2025-03-14 09:35:00,608 [WARN] PackLoader:240 - Cannot read IP mode file for STMicroelectronics.X-CUBE-AZRTOS-F7.1.1.0
2025-03-14 09:35:00,624 [WARN] PackLoader:240 - Cannot read IP mode file for STMicroelectronics.FP-SNS-FLIGHT1.5.0.2
2025-03-14 09:35:00,656 [WARN] PackLoader:240 - Cannot read IP mode file for Infineon.AIROC-Wi-Fi-Bluetooth-STM32.1.7.0
2025-03-14 09:35:00,675 [WARN] PackLoader:240 - Cannot read IP mode file for STMicroelectronics.X-CUBE-DISPLAY.3.0.0
2025-03-14 09:35:00,690 [WARN] PackLoader:240 - Cannot read IP mode file for STMicroelectronics.X-CUBE-BLE1.7.0.0
2025-03-14 09:35:00,703 [WARN] PackLoader:240 - Cannot read IP mode file for STMicroelectronics.X-CUBE-NFC10.1.0.0
2025-03-14 09:35:00,722 [WARN] PackLoader:240 - Cannot read IP mode file for STMicroelectronics.X-CUBE-BLEMGR.4.0.0
2025-03-14 09:35:00,737 [WARN] PackLoader:240 - Cannot read IP mode file for emotas.I-CUBE-CANOPEN.1.3.0
2025-03-14 09:35:00,749 [WARN] PackLoader:240 - Cannot read IP mode file for STMicroelectronics.X-CUBE-AI.10.0.0
2025-03-14 09:35:00,761 [WARN] PackLoader:240 - Cannot read IP mode file for STMicroelectronics.FP-SNS-SMARTAG2.1.2.0
2025-03-14 09:35:00,772 [WARN] PackLoader:240 - Cannot read IP mode file for STMicroelectronics.FP-SNS-FLIGHT1.5.1.0
2025-03-14 09:35:00,824 [WARN] PackLoader:240 - Cannot read IP mode file for STMicroelectronics.X-CUBE-MEMS1.11.1.0
2025-03-14 09:35:01,137 [INFO] LogOutputStream:77 - [STDOUT_REDIRECT] 1 : Invalid condition id : UX_CORESTACK_Condition cause : null
2025-03-14 09:35:01,137 [INFO] LogOutputStream:77 - [STDOUT_REDIRECT] 1 : Invalid condition id : UX_CORESTACK_Condition cause : null
2025-03-14 09:35:01,138 [INFO] LogOutputStream:77 - [STDOUT_REDIRECT] 1 : Invalid condition id : UX_CORESTACK_Condition cause : null
2025-03-14 09:35:01,139 [INFO] LogOutputStream:77 - [STDOUT_REDIRECT] 1 : Invalid condition id : UX_CORESTACK_Condition cause : null
2025-03-14 09:35:01,139 [INFO] LogOutputStream:77 - [STDOUT_REDIRECT] 1 : Invalid condition id : UX_CORESTACK_Condition cause : null
2025-03-14 09:35:01,141 [WARN] PackLoader:240 - Cannot read IP mode file for STMicroelectronics.X-CUBE-AZRTOS-WL.2.0.0
2025-03-14 09:35:01,155 [WARN] PackLoader:240 - Cannot read IP mode file for STMicroelectronics.FP-SNS-MOTENV1.5.0.0
2025-03-14 09:35:01,167 [WARN] PackLoader:240 - Cannot read IP mode file for wolfSSL.I-CUBE-wolfMQTT.1.19.0
2025-03-14 09:35:01,183 [WARN] PackLoader:240 - Cannot read IP mode file for WES.I-CUBE-Cesium.1.3.0
2025-03-14 09:35:01,195 [WARN] PackLoader:240 - Cannot read IP mode file for STMicroelectronics.X-CUBE-BLE2.3.3.0
2025-03-14 09:35:01,209 [WARN] PackLoader:240 - Cannot read IP mode file for STMicroelectronics.X-CUBE-NFC9.1.0.0
2025-03-14 09:35:01,222 [WARN] PackLoader:240 - Cannot read IP mode file for STMicroelectronics.X-CUBE-BLE1.7.1.0
2025-03-14 09:35:01,245 [WARN] PackLoader:240 - Cannot read IP mode file for STMicroelectronics.X-CUBE-AZRTOS-G0.1.1.0
2025-03-14 09:35:01,271 [WARN] PackLoader:240 - Cannot read IP mode file for STMicroelectronics.X-CUBE-SAFEA1.1.2.2
2025-03-14 09:35:01,294 [WARN] PackLoader:240 - Cannot read IP mode file for STMicroelectronics.X-CUBE-NFC4.3.0.0
2025-03-14 09:35:01,312 [WARN] PackLoader:240 - Cannot read IP mode file for EmbeddedOffice.I-CUBE-FS-RTOS.1.0.1
2025-03-14 09:35:01,330 [WARN] PackLoader:240 - Cannot read IP mode file for STMicroelectronics.X-CUBE-TCPP.4.2.0
2025-03-14 09:35:01,388 [WARN] PackLoader:240 - Cannot read IP mode file for RealThread.X-CUBE-RT-Thread_Nano.4.1.1
2025-03-14 09:35:01,412 [WARN] PackLoader:240 - Cannot read IP mode file for STMicroelectronics.FP-ATR-SIGFOX1.3.2.0
2025-03-14 09:35:01,429 [WARN] ConditionMgr:438 - getConditionDescription Invalid condition id : Cortex-A Device cause : null
2025-03-14 09:35:01,457 [WARN] ConditionMgr:1044 - genDependencies : Invalid condition id : Cortex-A Device cause : null
2025-03-14 09:35:01,457 [WARN] ConditionMgr:1044 - genDependencies : Invalid condition id : Cortex-A Device cause : null
2025-03-14 09:35:01,457 [WARN] ConditionMgr:1044 - genDependencies : Invalid condition id : Cortex-A Device cause : null
2025-03-14 09:35:01,470 [WARN] PackLoader:240 - Cannot read IP mode file for STMicroelectronics.X-CUBE-EEPRMA1.5.1.0
2025-03-14 09:35:01,482 [WARN] PackLoader:240 - Cannot read IP mode file for wolfSSL.I-CUBE-wolfSSL.5.7.6
2025-03-14 09:35:01,495 [WARN] PackLoader:240 - Cannot read IP mode file for ITTIA_DB.I-CUBE-ITTIADB.8.9.0
2025-03-14 09:35:01,535 [WARN] PackLoader:240 - Cannot read IP mode file for SEGGER.I-CUBE-embOS.1.3.1
2025-03-14 09:35:01,572 [WARN] PackLoader:240 - Cannot read IP mode file for STMicroelectronics.X-CUBE-ALGOBUILD.1.4.0
2025-03-14 09:35:01,598 [WARN] PackLoader:240 - Cannot read IP mode file for STMicroelectronics.X-CUBE-AZRTOS-F4.1.1.0
2025-03-14 09:35:01,611 [WARN] PackLoader:240 - Cannot read IP mode file for STMicroelectronics.X-CUBE-ISPU.2.1.0
2025-03-14 09:35:01,636 [WARN] PackLoader:240 - Cannot read IP mode file for STMicroelectronics.X-CUBE-AZRTOS-L5.2.0.0
2025-03-14 09:35:01,752 [WARN] PackLoader:240 - Cannot read IP mode file for STMicroelectronics.X-CUBE-NFC6.3.1.0
2025-03-14 09:35:01,769 [WARN] PackLoader:240 - Cannot read IP mode file for STMicroelectronics.X-CUBE-DPower.1.2.0
2025-03-14 09:35:01,787 [WARN] PackLoader:240 - Cannot read IP mode file for STMicroelectronics.X-CUBE-FREERTOS.1.3.0
2025-03-14 09:35:01,805 [WARN] PackLoader:240 - Cannot read IP mode file for STMicroelectronics.X-CUBE-NFC7.1.0.1
2025-03-14 09:35:01,846 [WARN] ConditionMgr:438 - getConditionDescription Invalid condition id : LAN8742 Phy interface Condition cause : null
2025-03-14 09:35:01,847 [WARN] PackLoader:240 - Cannot read IP mode file for STMicroelectronics.X-CUBE-AZRTOS-L4.2.0.0
2025-03-14 09:35:01,848 [WARN] ConditionMgr:1044 - genDependencies : Invalid condition id : LAN8742 Phy interface Condition cause : null
2025-03-14 09:35:01,849 [WARN] ConditionMgr:1044 - genDependencies : Invalid condition id : LAN8742 Phy interface Condition cause : null
2025-03-14 09:35:01,850 [WARN] ConditionMgr:1044 - genDependencies : Invalid condition id : LAN8742 Phy interface Condition cause : null
2025-03-14 09:35:01,869 [WARN] PackLoader:240 - Cannot read IP mode file for STMicroelectronics.X-CUBE-SFXS2LP1.4.0.0
2025-03-14 09:35:01,900 [WARN] PackLoader:240 - Cannot read IP mode file for STMicroelectronics.X-CUBE-AZRTOS-H7.3.3.0
2025-03-14 09:35:01,924 [WARN] ConditionMgr:438 - getConditionDescription Invalid condition id : UX DEVICE CLASS RTOS Condition cause : null
2025-03-14 09:35:01,924 [WARN] ConditionMgr:438 - getConditionDescription Invalid condition id : UX DEVICE CLASS RTOS Condition cause : null
2025-03-14 09:35:01,926 [WARN] PackLoader:240 - Cannot read IP mode file for STMicroelectronics.X-CUBE-AZRTOS-WB.2.0.0
2025-03-14 09:35:01,926 [WARN] ConditionMgr:1044 - genDependencies : Invalid condition id : UX DEVICE CLASS RTOS Condition cause : null
2025-03-14 09:35:01,926 [WARN] ConditionMgr:1044 - genDependencies : Invalid condition id : UX DEVICE CLASS RTOS Condition cause : null
2025-03-14 09:35:01,926 [WARN] ConditionMgr:1044 - genDependencies : Invalid condition id : UX DEVICE CLASS RTOS Condition cause : null
2025-03-14 09:35:01,926 [WARN] ConditionMgr:1044 - genDependencies : Invalid condition id : UX DEVICE CLASS RTOS Condition cause : null
2025-03-14 09:35:01,927 [WARN] ConditionMgr:1044 - genDependencies : Invalid condition id : UX DEVICE CLASS RTOS Condition cause : null
2025-03-14 09:35:01,943 [WARN] PackLoader:240 - Cannot read IP mode file for STMicroelectronics.X-CUBE-GNSS1.7.0.1
2025-03-14 09:35:01,958 [WARN] PackLoader:240 - Cannot read IP mode file for STMicroelectronics.X-CUBE-TOUCHGFX.4.25.0
2025-03-14 09:35:01,972 [WARN] PackLoader:240 - Cannot read IP mode file for STMicroelectronics.FP-SNS-STBOX1.2.0.0
2025-03-14 09:35:02,015 [WARN] PackLoader:240 - Cannot read IP mode file for STMicroelectronics.X-CUBE-SUBG2.5.0.0
2025-03-14 09:35:02,030 [WARN] PackLoader:240 - Cannot read IP mode file for Cesanta.I-CUBE-Mongoose.7.13.0
2025-03-14 09:35:02,060 [WARN] PackLoader:240 - Cannot read IP mode file for STMicroelectronics.X-CUBE-AZRTOS-G4.2.0.0
2025-03-14 09:35:02,079 [WARN] PackLoader:240 - Cannot read IP mode file for STMicroelectronics.X-CUBE-IPS.3.1.0
2025-03-14 09:35:02,095 [WARN] PackLoader:240 - Cannot read IP mode file for STMicroelectronics.X-CUBE-ALS.1.0.2
2025-03-14 09:35:02,207 [WARN] PackLoader:240 - Cannot read IP mode file for STMicroelectronics.X-CUBE-TOUCHGFX.4.24.2
2025-03-14 09:35:02,221 [WARN] PackLoader:240 - Cannot read IP mode file for wolfSSL.I-CUBE-wolfTPM.3.4.0
2025-03-14 09:35:02,234 [WARN] PackLoader:240 - Cannot read IP mode file for portGmbH.I-Cube-SoM-uGOAL.1.1.0
2025-03-14 09:35:02,259 [WARN] PackLoader:240 - Cannot read IP mode file for STMicroelectronics.X-CUBE-AZRTOS-H7RS.1.0.0
2025-03-14 09:35:02,278 [WARN] PackLoader:240 - Cannot read IP mode file for STMicroelectronics.X-CUBE-TOF1.3.4.2
2025-03-14 09:35:02,298 [WARN] PackLoader:240 - Cannot read IP mode file for wolfSSL.I-CUBE-wolfSSH.1.4.17
2025-03-14 09:35:02,298 [INFO] ThirdParty:978 - Integrity check success = true
2025-03-14 09:35:02,298 [INFO] IntegrityCheckThread:100 - exiting critical section [integrity check]
2025-03-14 09:35:02,298 [INFO] IntegrityCheckThread:103 - End integrity checks thread
2025-03-14 09:35:15,300 [INFO] WebApp:168 - Instantiating new browser for Auth
2025-03-14 09:35:30,414 [INFO] WebApp:449 - Apply proxy settings
2025-03-14 09:35:30,435 [INFO] WebApp:534 - Chromium requires no authentication
2025-03-14 09:35:30,444 [INFO] WebApp:477 - Direct internet connection detected
2025-03-14 09:35:30,643 [INFO] WebApp:880 - Register for checkConnection events
2025-03-14 09:35:30,643 [INFO] WebApp:449 - Apply proxy settings
2025-03-14 09:35:30,644 [INFO] WebApp:534 - Chromium requires no authentication
2025-03-14 09:35:30,645 [INFO] WebApp:477 - Direct internet connection detected
2025-03-14 09:35:31,028 [INFO] WebApp:221 - Starting web application
2025-03-14 09:35:31,028 [INFO] WebApp:579 - Web application path used C:\ST\STM32CubeIDE_1.17.0\STM32CubeIDE\plugins\com.st.stm32cube.common.mx_6.13.0.202411220809\db\plugins\mcufinder\reactClient1\index.html
2025-03-14 09:35:31,380 [INFO] WebApp:187 - Connection restablished
2025-03-14 16:10:49,608 [INFO] WebApp:190 - Connection lost
2025-03-14 16:11:22,473 [INFO] WebApp:187 - Connection restablished
