2025-03-19 09:12:08,572 [INFO] Activator:176 - 


2025-03-19 09:12:08,578 [INFO] Activator:177 - !SESSION log4j initialized
2025-03-19 09:12:17,363 [INFO] LogOutputStream:77 - [STDOUT_REDIRECT] 
2025-03-19 09:12:23,536 [INFO] ApplicationProperties:184 - Using Application install path: C:\ST\STM32CubeIDE_1.17.0\STM32CubeIDE\plugins\com.st.stm32cube.common.mx_6.13.0.202411220809
2025-03-19 09:12:23,551 [INFO] DbMcusXml:78 - Set database path to: C:\ST\STM32CubeIDE_1.17.0\STM32CubeIDE\plugins\com.st.stm32cube.common.mx_6.13.0.202411220809\\db\/mcu/
2025-03-19 09:12:23,551 [INFO] ApiDb:274 - Set plugin database path to: C:\ST\STM32CubeIDE_1.17.0\STM32CubeIDE\plugins\com.st.stm32cube.common.mx_6.13.0.202411220809\\db\/plugins/boardmanager/
2025-03-19 09:12:23,551 [WARN] ApiDb:259 - Overriding images path with different value:  => C:\ST\STM32CubeIDE_1.17.0\STM32CubeIDE\plugins\com.st.stm32cube.common.mx_6.13.0.202411220809\\db\/plugins/mcufinder/images/
2025-03-19 09:12:23,596 [INFO] ApiDb:250 - Set database path to: C:\Users\azams\.stmcufinder\plugins\mcufinder//mcu/
2025-03-19 09:12:23,601 [INFO] DbMcusAds:125 - Set database path to: C:\Users\azams\.stmcufinder\plugins\mcufinder//mcu/
2025-03-19 09:12:23,610 [INFO] CrossReferenceDbSqlite:203 - Set database path to: C:\Users\azams\.stmcufinder\plugins\mcufinder//mcu/cs/
2025-03-19 09:12:23,742 [INFO] RulesReader:64 - Compatibility file has been processed (297 Rules)
2025-03-19 09:12:23,829 [INFO] DbMcusXml:78 - Set database path to: C:\ST\STM32CubeIDE_1.17.0\STM32CubeIDE\plugins\com.st.stm32cube.common.mx_6.13.0.202411220809\\db\/mcu/
2025-03-19 09:12:23,829 [INFO] ApiDb:274 - Set plugin database path to: C:\ST\STM32CubeIDE_1.17.0\STM32CubeIDE\plugins\com.st.stm32cube.common.mx_6.13.0.202411220809\\db\/plugins/boardmanager/
2025-03-19 09:12:23,829 [INFO] ApiDb:261 - Set plugin images path to: C:\ST\STM32CubeIDE_1.17.0\STM32CubeIDE\plugins\com.st.stm32cube.common.mx_6.13.0.202411220809\\db\/plugins/mcufinder/images/
2025-03-19 09:12:23,829 [WARN] DbFile:41 - Overriding database path with different value: C:\Users\azams\.stmcufinder\plugins\mcufinder/ => C:\Users\azams\.stmcufinder\plugins\mcufinder
2025-03-19 09:12:23,829 [INFO] ApiDb:250 - Set database path to: C:\Users\azams\.stmcufinder\plugins\mcufinder//mcu/
2025-03-19 09:12:23,829 [WARN] DbFile:41 - Overriding database path with different value: C:\Users\azams\.stmcufinder\plugins\mcufinder/ => C:\Users\azams\.stmcufinder\plugins\mcufinder
2025-03-19 09:12:23,829 [INFO] DbMcusAds:125 - Set database path to: C:\Users\azams\.stmcufinder\plugins\mcufinder//mcu/
2025-03-19 09:12:23,829 [WARN] DbFile:41 - Overriding database path with different value: C:\Users\azams\.stmcufinder\plugins\mcufinder/ => C:\Users\azams\.stmcufinder\plugins\mcufinder
2025-03-19 09:12:23,829 [WARN] DbFile:41 - Overriding database path with different value: C:\Users\azams\.stmcufinder\plugins\mcufinder/ => C:\Users\azams\.stmcufinder\plugins\mcufinder
2025-03-19 09:12:23,829 [INFO] CrossReferenceDbSqlite:203 - Set database path to: C:\Users\azams\.stmcufinder\plugins\mcufinder//mcu/cs/
2025-03-19 09:12:23,989 [INFO] MainPanel:272 - HeapMemory: 268435456
2025-03-19 09:12:24,100 [INFO] DbMcusXml:78 - Set database path to: C:\ST\STM32CubeIDE_1.17.0\STM32CubeIDE\plugins\com.st.stm32cube.common.mx_6.13.0.202411220809\\db\/mcu/
2025-03-19 09:12:24,100 [INFO] ApiDb:274 - Set plugin database path to: C:\ST\STM32CubeIDE_1.17.0\STM32CubeIDE\plugins\com.st.stm32cube.common.mx_6.13.0.202411220809\\db\/plugins/boardmanager/
2025-03-19 09:12:24,100 [INFO] ApiDb:261 - Set plugin images path to: C:\ST\STM32CubeIDE_1.17.0\STM32CubeIDE\plugins\com.st.stm32cube.common.mx_6.13.0.202411220809\\db\/plugins/mcufinder/images/
2025-03-19 09:12:24,100 [WARN] DbFile:41 - Overriding database path with different value: C:\Users\azams\.stmcufinder\plugins\mcufinder/ => C:\Users\azams\.stmcufinder\plugins\mcufinder
2025-03-19 09:12:24,100 [INFO] ApiDb:250 - Set database path to: C:\Users\azams\.stmcufinder\plugins\mcufinder//mcu/
2025-03-19 09:12:24,100 [WARN] DbFile:41 - Overriding database path with different value: C:\Users\azams\.stmcufinder\plugins\mcufinder/ => C:\Users\azams\.stmcufinder\plugins\mcufinder
2025-03-19 09:12:24,100 [INFO] DbMcusAds:125 - Set database path to: C:\Users\azams\.stmcufinder\plugins\mcufinder//mcu/
2025-03-19 09:12:24,100 [WARN] DbFile:41 - Overriding database path with different value: C:\Users\azams\.stmcufinder\plugins\mcufinder/ => C:\Users\azams\.stmcufinder\plugins\mcufinder
2025-03-19 09:12:24,101 [WARN] DbFile:41 - Overriding database path with different value: C:\Users\azams\.stmcufinder\plugins\mcufinder/ => C:\Users\azams\.stmcufinder\plugins\mcufinder
2025-03-19 09:12:24,101 [INFO] CrossReferenceDbSqlite:203 - Set database path to: C:\Users\azams\.stmcufinder\plugins\mcufinder//mcu/cs/
2025-03-19 09:12:24,157 [INFO] ApplicationProperties:184 - Using Application install path: C:\ST\STM32CubeIDE_1.17.0\STM32CubeIDE\plugins\com.st.stm32cube.common.mx_6.13.0.202411220809
2025-03-19 09:12:24,159 [INFO] PluginManage:196 - Search for loadable plugins [exclusion list=, ]
2025-03-19 09:12:24,162 [INFO] PluginManage:310 - Check plugin analytics
2025-03-19 09:12:24,346 [INFO] AnalyticsPlugin:253 - Accepted Software Licenses: 
2025-03-19 09:12:24,346 [INFO] AnalyticsPlugin:255 - Accepted CMSIS Pack Licenses: 
2025-03-19 09:12:24,346 [INFO] AnalyticsPlugin:257 - Accepted Firmware Licenses: 
2025-03-19 09:12:24,349 [INFO] PluginManage:359 - Loaded plugin analytics (category:tool,tabindex:-1)
2025-03-19 09:12:24,349 [INFO] PluginManage:310 - Check plugin cadmodel
2025-03-19 09:12:24,373 [INFO] CADModel:105 - Init CAD model plugin
2025-03-19 09:12:24,373 [INFO] PluginManage:359 - Loaded plugin cadmodel (category:power,tabindex:5)
2025-03-19 09:12:24,373 [INFO] PluginManage:310 - Check plugin clock
2025-03-19 09:12:24,396 [INFO] PluginManage:359 - Loaded plugin clock (category:base,tabindex:2)
2025-03-19 09:12:24,396 [INFO] PluginManage:310 - Check plugin ddr
2025-03-19 09:12:24,399 [INFO] PluginManage:359 - Loaded plugin ddr (category:tool,tabindex:6)
2025-03-19 09:12:24,399 [INFO] PluginManage:310 - Check plugin filemanager
2025-03-19 09:12:24,552 [INFO] PluginManage:359 - Loaded plugin filemanager (category:base,tabindex:10)
2025-03-19 09:12:24,552 [INFO] PluginManage:310 - Check plugin ipmanager
2025-03-19 09:12:24,560 [INFO] PluginManage:359 - Loaded plugin ipmanager (category:base,tabindex:5)
2025-03-19 09:12:24,561 [INFO] PluginManage:310 - Check plugin lpbam
2025-03-19 09:12:24,582 [INFO] PluginManage:359 - Loaded plugin lpbam (category:base,tabindex:0)
2025-03-19 09:12:24,583 [INFO] PluginManage:310 - Check plugin memorymap
2025-03-19 09:12:24,610 [INFO] PluginManage:359 - Loaded plugin memorymap (category:base,tabindex:4)
2025-03-19 09:12:24,610 [INFO] PluginManage:310 - Check plugin pinoutandconfiguration
2025-03-19 09:12:24,632 [INFO] PluginManage:359 - Loaded plugin pinoutandconfiguration (category:base,tabindex:1)
2025-03-19 09:12:24,632 [INFO] PluginManage:310 - Check plugin pinoutconfig
2025-03-19 09:12:24,752 [WARN] SupportedApi:132 - Cannot load RTOS API schema: s4s-elt-must-match.1: The content of 'definitions' must match (annotation?, (simpleType | complexType)?, (unique | key | keyref)*)). A problem was found starting at: attribute.
2025-03-19 09:12:24,907 [INFO] PluginManage:359 - Loaded plugin pinoutconfig (category:base,tabindex:0)
2025-03-19 09:12:24,908 [INFO] PluginManage:310 - Check plugin power
2025-03-19 09:12:24,933 [INFO] PluginManage:359 - Loaded plugin power (category:power,tabindex:4)
2025-03-19 09:12:24,933 [INFO] PluginManage:310 - Check plugin projectmanager
2025-03-19 09:12:24,950 [INFO] PluginManage:359 - Loaded plugin projectmanager (category:projectmanager,tabindex:4)
2025-03-19 09:12:24,950 [INFO] PluginManage:310 - Check plugin rif
2025-03-19 09:12:24,973 [INFO] PluginManage:359 - Loaded plugin rif (category:base,tabindex:3)
2025-03-19 09:12:24,974 [INFO] PluginManage:310 - Check plugin thirdparty
2025-03-19 09:12:25,276 [INFO] PluginManage:359 - Loaded plugin thirdparty (category:base,tabindex:-1)
2025-03-19 09:12:25,275 [WARN] IntegrityCheckThread:84 - waiting for thirdparty lock release [integrity check]
2025-03-19 09:12:25,276 [INFO] PluginManage:310 - Check plugin tools
2025-03-19 09:12:25,276 [INFO] IntegrityCheckThread:86 - entering critical section [integrity check]
2025-03-19 09:12:25,276 [INFO] ThirdPartyUpdaterWithRetryManager:70 - Updater plugin not ready yet. [1/15]
2025-03-19 09:12:25,317 [INFO] PluginManage:359 - Loaded plugin tools (category:base,tabindex:7)
2025-03-19 09:12:25,317 [INFO] PluginManage:310 - Check plugin tutovideos
2025-03-19 09:12:25,524 [INFO] PluginManage:359 - Loaded plugin tutovideos (category:base,tabindex:-1)
2025-03-19 09:12:25,524 [INFO] PluginManage:310 - Check plugin updater
2025-03-19 09:12:25,545 [INFO] PluginManage:359 - Loaded plugin updater (category:base,tabindex:12)
2025-03-19 09:12:25,545 [INFO] PluginManage:310 - Check plugin userauth
2025-03-19 09:12:25,549 [INFO] UserAuth:118 - Init User Auth plugin
2025-03-19 09:12:25,550 [INFO] PluginManage:359 - Loaded plugin userauth (category:base,tabindex:14)
2025-03-19 09:12:25,551 [INFO] PluginManage:283 - PluginManage : Loaded plugins [18]
2025-03-19 09:12:25,968 [INFO] PinOutPanel:1589 - setPackage(No Configuration,No Configuration)
2025-03-19 09:12:26,066 [INFO] CADModel:165 - CPN selected for project level
2025-03-19 09:12:26,066 [INFO] CADModel:114 - Register for checkConnection events
2025-03-19 09:12:26,095 [INFO] IPUIPlugin:80 - create IPUIPlugin
2025-03-19 09:12:26,095 [INFO] PluginManager:220 - loadIPPluginJar : add adc
2025-03-19 09:12:26,141 [INFO] IPUIPlugin:80 - create IPUIPlugin
2025-03-19 09:12:26,141 [INFO] PluginManager:220 - loadIPPluginJar : add aes
2025-03-19 09:12:26,192 [INFO] IPUIPlugin:80 - create IPUIPlugin
2025-03-19 09:12:26,192 [INFO] PluginManager:220 - loadIPPluginJar : add can
2025-03-19 09:12:26,224 [INFO] IPUIPlugin:80 - create IPUIPlugin
2025-03-19 09:12:26,225 [INFO] PluginManager:220 - loadIPPluginJar : add comp
2025-03-19 09:12:26,293 [INFO] IPUIPlugin:80 - create IPUIPlugin
2025-03-19 09:12:26,293 [INFO] PluginManager:220 - loadIPPluginJar : add cryp
2025-03-19 09:12:26,308 [INFO] IPUIPlugin:80 - create IPUIPlugin
2025-03-19 09:12:26,309 [INFO] PluginManager:220 - loadIPPluginJar : add ddr_ctrl_phy
2025-03-19 09:12:26,346 [INFO] IPUIPlugin:80 - create IPUIPlugin
2025-03-19 09:12:26,346 [INFO] PluginManager:220 - loadIPPluginJar : add dfsdm
2025-03-19 09:12:26,361 [INFO] IPUIPlugin:80 - create IPUIPlugin
2025-03-19 09:12:26,361 [INFO] PluginManager:220 - loadIPPluginJar : add dma
2025-03-19 09:12:26,403 [INFO] IPUIPlugin:80 - create IPUIPlugin
2025-03-19 09:12:26,404 [INFO] PluginManager:220 - loadIPPluginJar : add dma3
2025-03-19 09:12:26,453 [INFO] IPUIPlugin:80 - create IPUIPlugin
2025-03-19 09:12:26,453 [INFO] PluginManager:220 - loadIPPluginJar : add extmemmanager
2025-03-19 09:12:26,477 [INFO] IPUIPlugin:80 - create IPUIPlugin
2025-03-19 09:12:26,477 [INFO] PluginManager:220 - loadIPPluginJar : add fatfs
2025-03-19 09:12:26,528 [INFO] IPUIPlugin:80 - create IPUIPlugin
2025-03-19 09:12:26,528 [INFO] PluginManager:220 - loadIPPluginJar : add fmc
2025-03-19 09:12:26,544 [INFO] IPUIPlugin:80 - create IPUIPlugin
2025-03-19 09:12:26,544 [INFO] PluginManager:220 - loadIPPluginJar : add freertos
2025-03-19 09:12:26,587 [INFO] IPUIPlugin:80 - create IPUIPlugin
2025-03-19 09:12:26,587 [INFO] PluginManager:220 - loadIPPluginJar : add genericplugin
2025-03-19 09:12:26,695 [INFO] IPUIPlugin:80 - create IPUIPlugin
2025-03-19 09:12:26,695 [INFO] PluginManager:220 - loadIPPluginJar : add gfxmmu
2025-03-19 09:12:26,841 [INFO] IPUIPlugin:80 - create IPUIPlugin
2025-03-19 09:12:26,842 [INFO] PluginManager:220 - loadIPPluginJar : add gic
2025-03-19 09:12:26,859 [INFO] IPUIPlugin:80 - create IPUIPlugin
2025-03-19 09:12:26,859 [INFO] PluginManager:220 - loadIPPluginJar : add gpio
2025-03-19 09:12:26,955 [INFO] IPUIPlugin:80 - create IPUIPlugin
2025-03-19 09:12:26,955 [INFO] PluginManager:220 - loadIPPluginJar : add gtzc
2025-03-19 09:12:26,993 [INFO] IPUIPlugin:80 - create IPUIPlugin
2025-03-19 09:12:26,993 [INFO] PluginManager:220 - loadIPPluginJar : add hash
2025-03-19 09:12:27,088 [INFO] IPUIPlugin:80 - create IPUIPlugin
2025-03-19 09:12:27,088 [INFO] PluginManager:220 - loadIPPluginJar : add i2c
2025-03-19 09:12:27,133 [INFO] IPUIPlugin:80 - create IPUIPlugin
2025-03-19 09:12:27,133 [INFO] PluginManager:220 - loadIPPluginJar : add i2s
2025-03-19 09:12:27,177 [INFO] IPUIPlugin:80 - create IPUIPlugin
2025-03-19 09:12:27,178 [INFO] PluginManager:220 - loadIPPluginJar : add i3c
2025-03-19 09:12:27,286 [INFO] IPUIPlugin:80 - create IPUIPlugin
2025-03-19 09:12:27,286 [INFO] PluginManager:220 - loadIPPluginJar : add ipddr
2025-03-19 09:12:27,386 [INFO] IPUIPlugin:80 - create IPUIPlugin
2025-03-19 09:12:27,386 [INFO] PluginManager:220 - loadIPPluginJar : add linkedlist
2025-03-19 09:12:27,425 [INFO] IPUIPlugin:80 - create IPUIPlugin
2025-03-19 09:12:27,425 [INFO] PluginManager:220 - loadIPPluginJar : add lorawan
2025-03-19 09:12:27,463 [INFO] IPUIPlugin:80 - create IPUIPlugin
2025-03-19 09:12:27,464 [INFO] PluginManager:220 - loadIPPluginJar : add ltdc
2025-03-19 09:12:27,479 [INFO] IPUIPlugin:80 - create IPUIPlugin
2025-03-19 09:12:27,479 [INFO] PluginManager:220 - loadIPPluginJar : add mdma
2025-03-19 09:12:27,493 [INFO] IPUIPlugin:80 - create IPUIPlugin
2025-03-19 09:12:27,493 [INFO] PluginManager:220 - loadIPPluginJar : add nvic
2025-03-19 09:12:27,532 [INFO] IPUIPlugin:80 - create IPUIPlugin
2025-03-19 09:12:27,532 [INFO] PluginManager:220 - loadIPPluginJar : add opamp
2025-03-19 09:12:27,640 [INFO] IPUIPlugin:80 - create IPUIPlugin
2025-03-19 09:12:27,640 [INFO] PluginManager:220 - loadIPPluginJar : add openamp
2025-03-19 09:12:27,694 [INFO] IPUIPlugin:80 - create IPUIPlugin
2025-03-19 09:12:27,695 [INFO] PluginManager:220 - loadIPPluginJar : add pdm2pcm
2025-03-19 09:12:27,730 [INFO] IPUIPlugin:80 - create IPUIPlugin
2025-03-19 09:12:27,732 [INFO] PluginManager:220 - loadIPPluginJar : add plateformsettings
2025-03-19 09:12:27,773 [INFO] IPUIPlugin:80 - create IPUIPlugin
2025-03-19 09:12:27,773 [INFO] PluginManager:220 - loadIPPluginJar : add quadspi
2025-03-19 09:12:27,805 [INFO] IPUIPlugin:80 - create IPUIPlugin
2025-03-19 09:12:27,806 [INFO] PluginManager:220 - loadIPPluginJar : add radio
2025-03-19 09:12:27,820 [INFO] IPUIPlugin:80 - create IPUIPlugin
2025-03-19 09:12:27,820 [INFO] PluginManager:220 - loadIPPluginJar : add resmgrutility
2025-03-19 09:12:27,943 [INFO] IPUIPlugin:80 - create IPUIPlugin
2025-03-19 09:12:27,943 [INFO] PluginManager:220 - loadIPPluginJar : add sai
2025-03-19 09:12:27,987 [INFO] IPUIPlugin:80 - create IPUIPlugin
2025-03-19 09:12:27,987 [INFO] PluginManager:220 - loadIPPluginJar : add spi
2025-03-19 09:12:28,111 [INFO] IPUIPlugin:80 - create IPUIPlugin
2025-03-19 09:12:28,112 [INFO] PluginManager:220 - loadIPPluginJar : add stm32_wpan
2025-03-19 09:12:28,138 [INFO] IPUIPlugin:80 - create IPUIPlugin
2025-03-19 09:12:28,138 [INFO] PluginManager:220 - loadIPPluginJar : add tim
2025-03-19 09:12:28,206 [INFO] IPUIPlugin:80 - create IPUIPlugin
2025-03-19 09:12:28,206 [INFO] PluginManager:220 - loadIPPluginJar : add touchsensing
2025-03-19 09:12:28,231 [INFO] IPUIPlugin:80 - create IPUIPlugin
2025-03-19 09:12:28,231 [INFO] PluginManager:220 - loadIPPluginJar : add tracer_emb
2025-03-19 09:12:28,257 [INFO] IPUIPlugin:80 - create IPUIPlugin
2025-03-19 09:12:28,257 [INFO] PluginManager:220 - loadIPPluginJar : add ts
2025-03-19 09:12:28,277 [INFO] ThirdPartyUpdaterWithRetryManager:70 - Updater plugin not ready yet. [2/15]
2025-03-19 09:12:28,282 [INFO] IPUIPlugin:80 - create IPUIPlugin
2025-03-19 09:12:28,282 [INFO] PluginManager:220 - loadIPPluginJar : add tsc
2025-03-19 09:12:28,307 [INFO] IPUIPlugin:80 - create IPUIPlugin
2025-03-19 09:12:28,307 [INFO] PluginManager:220 - loadIPPluginJar : add ucpd
2025-03-19 09:12:28,359 [INFO] IPUIPlugin:80 - create IPUIPlugin
2025-03-19 09:12:28,359 [INFO] PluginManager:220 - loadIPPluginJar : add usart
2025-03-19 09:12:28,406 [INFO] IPUIPlugin:80 - create IPUIPlugin
2025-03-19 09:12:28,406 [INFO] PluginManager:220 - loadIPPluginJar : add usbx
2025-03-19 09:12:28,594 [FATAL] Updater:351 - Updater called before beeing initialized
2025-03-19 09:12:28,638 [INFO] RulesReader:64 - Compatibility file has been processed (297 Rules)
2025-03-19 09:12:28,652 [INFO] RulesReader:64 - Compatibility file has been processed (297 Rules)
2025-03-19 09:12:28,660 [INFO] CADModel:165 - CPN selected for project level
2025-03-19 09:12:28,660 [INFO] CADModel:114 - Register for checkConnection events
2025-03-19 09:12:28,660 [FATAL] Updater:351 - Updater called before beeing initialized
2025-03-19 09:12:28,660 [ERROR] CADModel:125 - Updater not yet initialized, retry later 
2025-03-19 09:12:28,820 [FATAL] Updater:351 - Updater called before beeing initialized
2025-03-19 09:12:28,822 [INFO] CADModel:165 - CPN selected for project level
2025-03-19 09:12:28,822 [INFO] CADModel:114 - Register for checkConnection events
2025-03-19 09:12:28,822 [FATAL] Updater:351 - Updater called before beeing initialized
2025-03-19 09:12:28,822 [ERROR] CADModel:125 - Updater not yet initialized, retry later 
2025-03-19 09:12:28,825 [FATAL] Updater:351 - Updater called before beeing initialized
2025-03-19 09:12:28,973 [FATAL] Updater:351 - Updater called before beeing initialized
2025-03-19 09:12:29,000 [INFO] DbMcusAds:53 - JSON generation date=Thu Mar 06 20:24:21 IST 2025 (1741272861825)
2025-03-19 09:12:29,001 [FATAL] Updater:351 - Updater called before beeing initialized
2025-03-19 09:12:29,051 [WARN] DetailPanel:346 - Failed to get advertising image, set to default
2025-03-19 09:12:29,468 [FATAL] Updater:351 - Updater called before beeing initialized
2025-03-19 09:12:29,480 [FATAL] Updater:351 - Updater called before beeing initialized
2025-03-19 09:12:29,480 [FATAL] Updater:351 - Updater called before beeing initialized
2025-03-19 09:12:29,480 [WARN] DetailPanel:346 - Failed to get advertising image, set to default
2025-03-19 09:12:29,481 [FATAL] Updater:351 - Updater called before beeing initialized
2025-03-19 09:12:29,574 [ERROR] Updater:1198 - MainUpdater not yet initialized. External WinMGr cannot be set.
2025-03-19 09:12:29,585 [INFO] Updater:1134 - Updater Version found : 6.13.0
2025-03-19 09:12:29,602 [INFO] ApplicationProperties:184 - Using Application install path: C:\ST\STM32CubeIDE_1.17.0\STM32CubeIDE\plugins\com.st.stm32cube.common.mx_6.13.0.202411220809
2025-03-19 09:12:31,218 [ERROR] LogOutputStream:75 - [STDERR_REDIRECT] Mar 19, 2025 9:12:31 AM java.util.prefs.WindowsPreferences <init>
2025-03-19 09:12:31,221 [ERROR] LogOutputStream:75 - [STDERR_REDIRECT] WARNING: Could not open/create prefs root node Software\JavaSoft\Prefs at root 0xffffffff80000002. Windows RegCreateKeyEx(...) returned error code 5.
2025-03-19 09:12:31,221 [ERROR] LogOutputStream:75 - [STDERR_REDIRECT] 
2025-03-19 09:12:31,279 [INFO] ThirdPartyUpdaterWithRetryManager:70 - Updater plugin not ready yet. [3/15]
2025-03-19 09:12:31,740 [INFO] MainUpdater:2872 - connection check result : 10
2025-03-19 09:12:31,741 [INFO] MainUpdater:289 - Updater Check For Update Now.
2025-03-19 09:12:31,742 [INFO] MicroXplorer:498 - Change Database Version : DB.6.0.130
2025-03-19 09:12:31,762 [INFO] McuFinderGlobals:63 - Set McuFinder mode to 2 (CubeIDE integrated)
2025-03-19 09:12:31,763 [INFO] UserAuth:171 - activating auth plugin
2025-03-19 09:12:31,766 [INFO] UserAuth:486 - Internet connection configuration mode: 1
2025-03-19 09:12:31,821 [INFO] JxBrowserEngine:152 - Initiate JxBrowser Engine with user profile folder
2025-03-19 09:12:31,938 [INFO] CheckServerUpdateThread:120 - End of CheckServer Thread
2025-03-19 09:12:35,200 [WARN] PackLoader:240 - Cannot read IP mode file for STMicroelectronics.FP-SNS-MOTENVWB1.1.4.0
2025-03-19 09:12:35,224 [WARN] PackLoader:240 - Cannot read IP mode file for STMicroelectronics.FP-ATR-ASTRA1.2.0.2
2025-03-19 09:12:35,233 [INFO] WebApp:168 - Instantiating new browser for Auth
2025-03-19 09:12:35,237 [WARN] PackLoader:240 - Cannot read IP mode file for STMicroelectronics.FP-ATR-ASTRA1.2.0.1
2025-03-19 09:12:35,328 [WARN] PackLoader:240 - Cannot read IP mode file for STMicroelectronics.X-CUBE-SMBUS.2.1.0
2025-03-19 09:12:35,443 [WARN] PackLoader:240 - Cannot read IP mode file for STMicroelectronics.X-CUBE-WB05N.1.1.0
2025-03-19 09:12:35,550 [WARN] PackLoader:240 - Cannot read IP mode file for STMicroelectronics.X-CUBE-AZRTOS-F7.1.1.0
2025-03-19 09:12:35,568 [WARN] PackLoader:240 - Cannot read IP mode file for STMicroelectronics.FP-SNS-FLIGHT1.5.0.2
2025-03-19 09:12:35,647 [WARN] PackLoader:240 - Cannot read IP mode file for Infineon.AIROC-Wi-Fi-Bluetooth-STM32.1.7.0
2025-03-19 09:12:35,669 [WARN] PackLoader:240 - Cannot read IP mode file for STMicroelectronics.X-CUBE-DISPLAY.3.0.0
2025-03-19 09:12:35,691 [WARN] PackLoader:240 - Cannot read IP mode file for STMicroelectronics.X-CUBE-BLE1.7.0.0
2025-03-19 09:12:35,710 [WARN] PackLoader:240 - Cannot read IP mode file for STMicroelectronics.X-CUBE-NFC10.1.0.0
2025-03-19 09:12:35,789 [WARN] PackLoader:240 - Cannot read IP mode file for STMicroelectronics.X-CUBE-BLEMGR.4.0.0
2025-03-19 09:12:35,804 [WARN] PackLoader:240 - Cannot read IP mode file for emotas.I-CUBE-CANOPEN.1.3.0
2025-03-19 09:12:35,821 [WARN] PackLoader:240 - Cannot read IP mode file for STMicroelectronics.X-CUBE-AI.10.0.0
2025-03-19 09:12:35,867 [WARN] PackLoader:240 - Cannot read IP mode file for STMicroelectronics.FP-SNS-SMARTAG2.1.2.0
2025-03-19 09:12:35,880 [WARN] PackLoader:240 - Cannot read IP mode file for STMicroelectronics.FP-SNS-FLIGHT1.5.1.0
2025-03-19 09:12:35,948 [WARN] PackLoader:240 - Cannot read IP mode file for STMicroelectronics.X-CUBE-MEMS1.11.1.0
2025-03-19 09:12:36,133 [INFO] LogOutputStream:77 - [STDOUT_REDIRECT] 1 : Invalid condition id : UX_CORESTACK_Condition cause : null
2025-03-19 09:12:36,134 [INFO] LogOutputStream:77 - [STDOUT_REDIRECT] 1 : Invalid condition id : UX_CORESTACK_Condition cause : null
2025-03-19 09:12:36,137 [INFO] LogOutputStream:77 - [STDOUT_REDIRECT] 1 : Invalid condition id : UX_CORESTACK_Condition cause : null
2025-03-19 09:12:36,138 [INFO] LogOutputStream:77 - [STDOUT_REDIRECT] 1 : Invalid condition id : UX_CORESTACK_Condition cause : null
2025-03-19 09:12:36,140 [INFO] LogOutputStream:77 - [STDOUT_REDIRECT] 1 : Invalid condition id : UX_CORESTACK_Condition cause : null
2025-03-19 09:12:36,143 [WARN] PackLoader:240 - Cannot read IP mode file for STMicroelectronics.X-CUBE-AZRTOS-WL.2.0.0
2025-03-19 09:12:36,163 [WARN] PackLoader:240 - Cannot read IP mode file for STMicroelectronics.FP-SNS-MOTENV1.5.0.0
2025-03-19 09:12:36,185 [WARN] PackLoader:240 - Cannot read IP mode file for wolfSSL.I-CUBE-wolfMQTT.1.19.0
2025-03-19 09:12:36,228 [WARN] PackLoader:240 - Cannot read IP mode file for WES.I-CUBE-Cesium.1.3.0
2025-03-19 09:12:36,272 [WARN] PackLoader:240 - Cannot read IP mode file for STMicroelectronics.X-CUBE-BLE2.3.3.0
2025-03-19 09:12:36,308 [WARN] PackLoader:240 - Cannot read IP mode file for STMicroelectronics.X-CUBE-NFC9.1.0.0
2025-03-19 09:12:36,347 [WARN] PackLoader:240 - Cannot read IP mode file for STMicroelectronics.X-CUBE-BLE1.7.1.0
2025-03-19 09:12:36,453 [WARN] PackLoader:240 - Cannot read IP mode file for STMicroelectronics.X-CUBE-AZRTOS-G0.1.1.0
2025-03-19 09:12:36,486 [WARN] PackLoader:240 - Cannot read IP mode file for STMicroelectronics.X-CUBE-SAFEA1.1.2.2
2025-03-19 09:12:36,508 [WARN] PackLoader:240 - Cannot read IP mode file for STMicroelectronics.X-CUBE-NFC4.3.0.0
2025-03-19 09:12:36,534 [WARN] PackLoader:240 - Cannot read IP mode file for EmbeddedOffice.I-CUBE-FS-RTOS.1.0.1
2025-03-19 09:12:36,655 [WARN] PackLoader:240 - Cannot read IP mode file for STMicroelectronics.X-CUBE-TCPP.4.2.0
2025-03-19 09:12:36,695 [WARN] PackLoader:240 - Cannot read IP mode file for RealThread.X-CUBE-RT-Thread_Nano.4.1.1
2025-03-19 09:12:36,712 [WARN] PackLoader:240 - Cannot read IP mode file for STMicroelectronics.FP-ATR-SIGFOX1.3.2.0
2025-03-19 09:12:36,731 [WARN] ConditionMgr:438 - getConditionDescription Invalid condition id : Cortex-A Device cause : null
2025-03-19 09:12:36,756 [WARN] ConditionMgr:1044 - genDependencies : Invalid condition id : Cortex-A Device cause : null
2025-03-19 09:12:36,756 [WARN] ConditionMgr:1044 - genDependencies : Invalid condition id : Cortex-A Device cause : null
2025-03-19 09:12:36,756 [WARN] ConditionMgr:1044 - genDependencies : Invalid condition id : Cortex-A Device cause : null
2025-03-19 09:12:36,772 [WARN] PackLoader:240 - Cannot read IP mode file for STMicroelectronics.X-CUBE-EEPRMA1.5.1.0
2025-03-19 09:12:36,786 [WARN] PackLoader:240 - Cannot read IP mode file for wolfSSL.I-CUBE-wolfSSL.5.7.6
2025-03-19 09:12:36,802 [WARN] PackLoader:240 - Cannot read IP mode file for ITTIA_DB.I-CUBE-ITTIADB.8.9.0
2025-03-19 09:12:36,833 [WARN] PackLoader:240 - Cannot read IP mode file for SEGGER.I-CUBE-embOS.1.3.1
2025-03-19 09:12:36,871 [WARN] PackLoader:240 - Cannot read IP mode file for STMicroelectronics.X-CUBE-ALGOBUILD.1.4.0
2025-03-19 09:12:36,902 [WARN] PackLoader:240 - Cannot read IP mode file for STMicroelectronics.X-CUBE-AZRTOS-F4.1.1.0
2025-03-19 09:12:36,936 [WARN] PackLoader:240 - Cannot read IP mode file for STMicroelectronics.X-CUBE-ISPU.2.1.0
2025-03-19 09:12:37,003 [WARN] PackLoader:240 - Cannot read IP mode file for STMicroelectronics.X-CUBE-AZRTOS-L5.2.0.0
2025-03-19 09:12:37,082 [WARN] PackLoader:240 - Cannot read IP mode file for STMicroelectronics.X-CUBE-NFC6.3.1.0
2025-03-19 09:12:37,114 [WARN] PackLoader:240 - Cannot read IP mode file for STMicroelectronics.X-CUBE-DPower.1.2.0
2025-03-19 09:12:37,188 [WARN] PackLoader:240 - Cannot read IP mode file for STMicroelectronics.X-CUBE-FREERTOS.1.3.0
2025-03-19 09:12:37,362 [WARN] PackLoader:240 - Cannot read IP mode file for STMicroelectronics.X-CUBE-NFC7.1.0.1
2025-03-19 09:12:37,382 [INFO] WebApp:449 - Apply proxy settings
2025-03-19 09:12:37,383 [INFO] WebApp:534 - Chromium requires no authentication
2025-03-19 09:12:37,415 [WARN] ConditionMgr:438 - getConditionDescription Invalid condition id : LAN8742 Phy interface Condition cause : null
2025-03-19 09:12:37,416 [WARN] PackLoader:240 - Cannot read IP mode file for STMicroelectronics.X-CUBE-AZRTOS-L4.2.0.0
2025-03-19 09:12:37,418 [WARN] ConditionMgr:1044 - genDependencies : Invalid condition id : LAN8742 Phy interface Condition cause : null
2025-03-19 09:12:37,418 [WARN] ConditionMgr:1044 - genDependencies : Invalid condition id : LAN8742 Phy interface Condition cause : null
2025-03-19 09:12:37,418 [WARN] ConditionMgr:1044 - genDependencies : Invalid condition id : LAN8742 Phy interface Condition cause : null
2025-03-19 09:12:37,420 [INFO] WebApp:477 - Direct internet connection detected
2025-03-19 09:12:37,443 [WARN] PackLoader:240 - Cannot read IP mode file for STMicroelectronics.X-CUBE-SFXS2LP1.4.0.0
2025-03-19 09:12:37,494 [WARN] PackLoader:240 - Cannot read IP mode file for STMicroelectronics.X-CUBE-AZRTOS-H7.3.3.0
2025-03-19 09:12:37,518 [INFO] WebApp:880 - Register for checkConnection events
2025-03-19 09:12:37,518 [INFO] WebApp:449 - Apply proxy settings
2025-03-19 09:12:37,518 [INFO] WebApp:534 - Chromium requires no authentication
2025-03-19 09:12:37,519 [INFO] WebApp:477 - Direct internet connection detected
2025-03-19 09:12:37,597 [WARN] ConditionMgr:438 - getConditionDescription Invalid condition id : UX DEVICE CLASS RTOS Condition cause : null
2025-03-19 09:12:37,597 [WARN] ConditionMgr:438 - getConditionDescription Invalid condition id : UX DEVICE CLASS RTOS Condition cause : null
2025-03-19 09:12:37,599 [WARN] PackLoader:240 - Cannot read IP mode file for STMicroelectronics.X-CUBE-AZRTOS-WB.2.0.0
2025-03-19 09:12:37,599 [WARN] ConditionMgr:1044 - genDependencies : Invalid condition id : UX DEVICE CLASS RTOS Condition cause : null
2025-03-19 09:12:37,599 [WARN] ConditionMgr:1044 - genDependencies : Invalid condition id : UX DEVICE CLASS RTOS Condition cause : null
2025-03-19 09:12:37,600 [WARN] ConditionMgr:1044 - genDependencies : Invalid condition id : UX DEVICE CLASS RTOS Condition cause : null
2025-03-19 09:12:37,600 [WARN] ConditionMgr:1044 - genDependencies : Invalid condition id : UX DEVICE CLASS RTOS Condition cause : null
2025-03-19 09:12:37,600 [WARN] ConditionMgr:1044 - genDependencies : Invalid condition id : UX DEVICE CLASS RTOS Condition cause : null
2025-03-19 09:12:37,619 [WARN] PackLoader:240 - Cannot read IP mode file for STMicroelectronics.X-CUBE-GNSS1.7.0.1
2025-03-19 09:12:37,641 [WARN] PackLoader:240 - Cannot read IP mode file for STMicroelectronics.X-CUBE-TOUCHGFX.4.25.0
2025-03-19 09:12:37,724 [WARN] PackLoader:240 - Cannot read IP mode file for STMicroelectronics.FP-SNS-STBOX1.2.0.0
2025-03-19 09:12:37,758 [WARN] PackLoader:240 - Cannot read IP mode file for STMicroelectronics.X-CUBE-SUBG2.5.0.0
2025-03-19 09:12:37,780 [WARN] PackLoader:240 - Cannot read IP mode file for Cesanta.I-CUBE-Mongoose.7.13.0
2025-03-19 09:12:37,901 [WARN] PackLoader:240 - Cannot read IP mode file for STMicroelectronics.X-CUBE-AZRTOS-G4.2.0.0
2025-03-19 09:12:37,909 [INFO] WebApp:221 - Starting web application
2025-03-19 09:12:37,909 [INFO] WebApp:579 - Web application path used C:\ST\STM32CubeIDE_1.17.0\STM32CubeIDE\plugins\com.st.stm32cube.common.mx_6.13.0.202411220809\db\plugins\mcufinder\reactClient1\index.html
2025-03-19 09:12:37,972 [WARN] PackLoader:240 - Cannot read IP mode file for STMicroelectronics.X-CUBE-IPS.3.1.0
2025-03-19 09:12:37,997 [WARN] PackLoader:240 - Cannot read IP mode file for STMicroelectronics.X-CUBE-ALS.1.0.2
2025-03-19 09:12:38,007 [INFO] WebApp:187 - Connection restablished
2025-03-19 09:12:38,018 [WARN] PackLoader:240 - Cannot read IP mode file for STMicroelectronics.X-CUBE-TOUCHGFX.4.24.2
2025-03-19 09:12:38,040 [WARN] PackLoader:240 - Cannot read IP mode file for wolfSSL.I-CUBE-wolfTPM.3.4.0
2025-03-19 09:12:38,091 [WARN] PackLoader:240 - Cannot read IP mode file for portGmbH.I-Cube-SoM-uGOAL.1.1.0
2025-03-19 09:12:38,135 [WARN] PackLoader:240 - Cannot read IP mode file for STMicroelectronics.X-CUBE-AZRTOS-H7RS.1.0.0
2025-03-19 09:12:38,277 [WARN] PackLoader:240 - Cannot read IP mode file for STMicroelectronics.X-CUBE-TOF1.3.4.2
2025-03-19 09:12:38,337 [WARN] PackLoader:240 - Cannot read IP mode file for wolfSSL.I-CUBE-wolfSSH.1.4.17
2025-03-19 09:12:38,338 [INFO] ThirdParty:978 - Integrity check success = true
2025-03-19 09:12:38,338 [INFO] IntegrityCheckThread:100 - exiting critical section [integrity check]
2025-03-19 09:12:38,338 [INFO] IntegrityCheckThread:103 - End integrity checks thread
